[2019-05-08 22:01:40,782] multiqc                                            [DEBUG  ]  No MultiQC config found: /home/echille/miniconda3/envs/finalproject/lib/python3.6/site-packages/multiqc_config.yaml
[2019-05-08 22:01:40,782] multiqc                                            [DEBUG  ]  No MultiQC config found: /home/echille/.multiqc_config.yaml
[2019-05-08 22:01:40,782] multiqc                                            [DEBUG  ]  No MultiQC config found: multiqc_config.yaml
[2019-05-08 22:01:40,782] multiqc                                            [DEBUG  ]  Command used: /home/echille/miniconda3/envs/finalproject/bin/multiqc .
[2019-05-08 22:01:41,468] multiqc                                            [DEBUG  ]  Latest MultiQC version is v1.7
[2019-05-08 22:01:41,468] multiqc                                            [INFO   ]  This is MultiQC v1.7
[2019-05-08 22:01:41,468] multiqc                                            [DEBUG  ]  Command     : /home/echille/miniconda3/envs/finalproject/bin/multiqc .
[2019-05-08 22:01:41,468] multiqc                                            [DEBUG  ]  Working dir : /RAID_STORAGE2/echille/finalproject/sratoolkit.2.9.6-centos_linux64/bin/fastq
[2019-05-08 22:01:41,468] multiqc                                            [INFO   ]  Template    : default
[2019-05-08 22:01:41,468] multiqc                                            [INFO   ]  Searching '.'
[2019-05-08 22:01:41,469] multiqc                                            [DEBUG  ]  Analysing modules: custom_content, conpair, peddy, methylQA, phantompeakqualtools, qualimap, preseq, quast, qorts, rna_seqc, rsem, rseqc, busco, goleft_indexcov, disambiguate, supernova, deeptools, sargasso, verifybamid, mirtrace, happy, homer, macs2, theta2, snpeff, gatk, htseq, bcftools, featureCounts, dedup, damageprofiler, picard, prokka, samblaster, samtools, bamtools, jellyfish, vcftools, longranger, stacks, bbmap, bismark, biscuit, hicexplorer, hicup, hicpro, salmon, kallisto, slamdunk, star, hisat2, tophat, bowtie2, bowtie1, kat, leehom, adapterRemoval, clipandmerge, cutadapt, flexbar, trimmomatic, skewer, sortmerna, biobloomtools, fastq_screen, afterqc, fastp, fastqc, minionqc, clusterflow, bcl2fastq, interop, flash
[2019-05-08 22:01:41,469] multiqc                                            [DEBUG  ]  Using temporary directory for creating report: /tmp/tmpihmnyjba
[2019-05-08 22:01:41,527] multiqc                                            [DEBUG  ]  Ignoring file as matched an ignore pattern: SRR7236021_pass_2.fastq.gz
[2019-05-08 22:01:41,527] multiqc                                            [DEBUG  ]  Ignoring file as matched an ignore pattern: SRR7235989_pass_2.fastq.gz
[2019-05-08 22:01:41,527] multiqc                                            [DEBUG  ]  Ignoring file as matched an ignore pattern: SRR7236028_pass_2.fastq.gz
[2019-05-08 22:01:41,527] multiqc                                            [DEBUG  ]  Ignoring file as matched an ignore pattern: SRR7236031_pass_2.fastq.gz
[2019-05-08 22:01:41,528] multiqc                                            [DEBUG  ]  Ignoring file as matched an ignore pattern: SRR7235992_pass_1.fastq.gz
[2019-05-08 22:01:41,528] multiqc                                            [DEBUG  ]  Ignoring file as matched an ignore pattern: SRR7236030_pass_2.fastq.gz
[2019-05-08 22:01:41,528] multiqc                                            [DEBUG  ]  Ignoring file as matched an ignore pattern: SRR7236021_pass_1.fastq.gz
[2019-05-08 22:01:41,528] multiqc                                            [DEBUG  ]  Ignoring file as matched an ignore pattern: SRR7236036_pass_2.fastq.gz
[2019-05-08 22:01:41,528] multiqc                                            [DEBUG  ]  Ignoring file as matched an ignore pattern: SRR7236036_pass_1.fastq.gz
[2019-05-08 22:01:41,528] multiqc                                            [DEBUG  ]  Ignoring file as matched an ignore pattern: SRR7236028_pass_1.fastq.gz
[2019-05-08 22:01:41,528] multiqc                                            [DEBUG  ]  Ignoring file as matched an ignore pattern: SRR7236034_pass_1.fastq.gz
[2019-05-08 22:01:41,528] multiqc                                            [DEBUG  ]  Ignoring file as matched an ignore pattern: SRR7236033_pass_2.fastq.gz
[2019-05-08 22:01:41,528] multiqc                                            [DEBUG  ]  Ignoring file as matched an ignore pattern: SRR7235989_pass_1.fastq.gz
[2019-05-08 22:01:41,528] multiqc                                            [DEBUG  ]  Ignoring file as matched an ignore pattern: SRR7235999_pass_1.fastq.gz
[2019-05-08 22:01:41,529] multiqc                                            [DEBUG  ]  Ignoring file as matched an ignore pattern: SRR7235992_pass_2.fastq.gz
[2019-05-08 22:01:41,529] multiqc                                            [DEBUG  ]  Ignoring file as matched an ignore pattern: SRR7236037_pass_1.fastq.gz
[2019-05-08 22:01:41,529] multiqc                                            [DEBUG  ]  Ignoring file as matched an ignore pattern: SRR7236033_pass_1.fastq.gz
[2019-05-08 22:01:41,529] multiqc                                            [DEBUG  ]  Ignoring file as matched an ignore pattern: SRR7236034_pass_2.fastq.gz
[2019-05-08 22:01:41,529] multiqc                                            [DEBUG  ]  Ignoring file as matched an ignore pattern: SRR7235994_pass_1.fastq.gz
[2019-05-08 22:01:41,529] multiqc                                            [DEBUG  ]  Ignoring file as matched an ignore pattern: SRR7235991_pass_2.fastq.gz
[2019-05-08 22:01:41,529] multiqc                                            [DEBUG  ]  Ignoring file as matched an ignore pattern: SRR7235996_pass_2.fastq.gz
[2019-05-08 22:01:41,529] multiqc                                            [DEBUG  ]  Ignoring file as matched an ignore pattern: SRR7235990_pass_1.fastq.gz
[2019-05-08 22:01:41,529] multiqc                                            [DEBUG  ]  Ignoring file as matched an ignore pattern: SRR7235994_pass_2.fastq.gz
[2019-05-08 22:01:41,529] multiqc                                            [DEBUG  ]  Ignoring file as matched an ignore pattern: SRR7236022_pass_1.fastq.gz
[2019-05-08 22:01:41,530] multiqc                                            [DEBUG  ]  Ignoring file as matched an ignore pattern: SRR7236032_pass_2.fastq.gz
[2019-05-08 22:01:41,530] multiqc                                            [DEBUG  ]  Ignoring file as matched an ignore pattern: SRR7235998_pass_2.fastq.gz
[2019-05-08 22:01:41,530] multiqc                                            [DEBUG  ]  Ignoring file as matched an ignore pattern: SRR7236029_pass_1.fastq.gz
[2019-05-08 22:01:41,530] multiqc                                            [DEBUG  ]  Ignoring file as matched an ignore pattern: SRR7235993_pass_2.fastq.gz
[2019-05-08 22:01:41,530] multiqc                                            [DEBUG  ]  Ignoring file as matched an ignore pattern: SRR7236031_pass_1.fastq.gz
[2019-05-08 22:01:41,530] multiqc                                            [DEBUG  ]  Ignoring file as matched an ignore pattern: SRR7235991_pass_1.fastq.gz
[2019-05-08 22:01:41,530] multiqc                                            [DEBUG  ]  Ignoring file as matched an ignore pattern: SRR7236032_pass_1.fastq.gz
[2019-05-08 22:01:41,530] multiqc                                            [DEBUG  ]  Ignoring file as matched an ignore pattern: SRR7235996_pass_1.fastq.gz
[2019-05-08 22:01:41,530] multiqc                                            [DEBUG  ]  Ignoring file as matched an ignore pattern: SRR7236037_pass_2.fastq.gz
[2019-05-08 22:01:41,531] multiqc                                            [DEBUG  ]  Ignoring file as matched an ignore pattern: SRR7235993_pass_1.fastq.gz
[2019-05-08 22:01:41,531] multiqc                                            [DEBUG  ]  Ignoring file as matched an ignore pattern: SRR7235999_pass_2.fastq.gz
[2019-05-08 22:01:41,531] multiqc                                            [DEBUG  ]  Ignoring file as matched an ignore pattern: SRR7236030_pass_1.fastq.gz
[2019-05-08 22:01:41,531] multiqc                                            [DEBUG  ]  Ignoring file as matched an ignore pattern: SRR7236029_pass_2.fastq.gz
[2019-05-08 22:01:41,531] multiqc                                            [DEBUG  ]  Ignoring file as matched an ignore pattern: SRR7235990_pass_2.fastq.gz
[2019-05-08 22:01:41,531] multiqc                                            [DEBUG  ]  Ignoring file as matched an ignore pattern: SRR7236022_pass_2.fastq.gz
[2019-05-08 22:01:41,531] multiqc                                            [DEBUG  ]  Ignoring file as matched an ignore pattern: SRR7235998_pass_1.fastq.gz
[2019-05-08 22:01:41,587] multiqc                                            [DEBUG  ]  Ignoring file as matched an ignore pattern: SRR7236021_pass_1_fastqc.html
[2019-05-08 22:01:41,587] multiqc                                            [DEBUG  ]  Ignoring file as matched an ignore pattern: SRR7235993_pass_1_fastqc.html
[2019-05-08 22:01:41,587] multiqc                                            [DEBUG  ]  Ignoring file as matched an ignore pattern: SRR7236033_pass_1_fastqc.html
[2019-05-08 22:01:41,587] multiqc                                            [DEBUG  ]  Ignoring file as matched an ignore pattern: SRR7235989_pass_2_fastqc.html
[2019-05-08 22:01:41,588] multiqc                                            [DEBUG  ]  Ignoring file as matched an ignore pattern: SRR7235996_pass_1_fastqc.html
[2019-05-08 22:01:41,588] multiqc                                            [DEBUG  ]  Ignoring file as matched an ignore pattern: SRR7235999_pass_2_fastqc.html
[2019-05-08 22:01:41,588] multiqc                                            [DEBUG  ]  Ignoring file as matched an ignore pattern: SRR7236034_pass_2_fastqc.html
[2019-05-08 22:01:41,589] multiqc                                            [DEBUG  ]  Ignoring file as matched an ignore pattern: SRR7236034_pass_1_fastqc.html
[2019-05-08 22:01:41,590] multiqc                                            [DEBUG  ]  Ignoring file as matched an ignore pattern: SRR7236031_pass_2_fastqc.html
[2019-05-08 22:01:41,590] multiqc                                            [DEBUG  ]  Ignoring file as matched an ignore pattern: SRR7235992_pass_2_fastqc.html
[2019-05-08 22:01:41,590] multiqc                                            [DEBUG  ]  Ignoring file as matched an ignore pattern: SRR7235998_pass_1_fastqc.html
[2019-05-08 22:01:41,590] multiqc                                            [DEBUG  ]  Ignoring file as matched an ignore pattern: SRR7236030_pass_2_fastqc.html
[2019-05-08 22:01:41,591] multiqc                                            [DEBUG  ]  Ignoring file as matched an ignore pattern: SRR7236028_pass_2_fastqc.html
[2019-05-08 22:01:41,591] multiqc                                            [DEBUG  ]  Ignoring file as matched an ignore pattern: SRR7235990_pass_1_fastqc.html
[2019-05-08 22:01:41,591] multiqc                                            [DEBUG  ]  Ignoring file as matched an ignore pattern: SRR7236028_pass_1_fastqc.html
[2019-05-08 22:01:41,591] multiqc                                            [DEBUG  ]  Ignoring file as matched an ignore pattern: SRR7235994_pass_1_fastqc.html
[2019-05-08 22:01:41,592] multiqc                                            [DEBUG  ]  Ignoring file as matched an ignore pattern: SRR7236031_pass_1_fastqc.html
[2019-05-08 22:01:41,592] multiqc                                            [DEBUG  ]  Ignoring file as matched an ignore pattern: SRR7236036_pass_1_fastqc.html
[2019-05-08 22:01:41,592] multiqc                                            [DEBUG  ]  Ignoring file as matched an ignore pattern: SRR7235990_pass_2_fastqc.html
[2019-05-08 22:01:41,593] multiqc                                            [DEBUG  ]  Ignoring file as matched an ignore pattern: SRR7235994_pass_2_fastqc.html
[2019-05-08 22:01:41,593] multiqc                                            [DEBUG  ]  Ignoring file as matched an ignore pattern: SRR7236022_pass_1_fastqc.html
[2019-05-08 22:01:41,593] multiqc                                            [DEBUG  ]  Ignoring file as matched an ignore pattern: SRR7236037_pass_2_fastqc.html
[2019-05-08 22:01:41,593] multiqc                                            [DEBUG  ]  Ignoring file as matched an ignore pattern: SRR7236033_pass_2_fastqc.html
[2019-05-08 22:01:41,593] multiqc                                            [DEBUG  ]  Ignoring file as matched an ignore pattern: SRR7236030_pass_1_fastqc.html
[2019-05-08 22:01:41,594] multiqc                                            [DEBUG  ]  Ignoring file as matched an ignore pattern: SRR7236032_pass_2_fastqc.html
[2019-05-08 22:01:41,594] multiqc                                            [DEBUG  ]  Ignoring file as matched an ignore pattern: SRR7236037_pass_1_fastqc.html
[2019-05-08 22:01:41,595] multiqc                                            [DEBUG  ]  Ignoring file as matched an ignore pattern: SRR7236022_pass_2_fastqc.html
[2019-05-08 22:01:41,595] multiqc                                            [DEBUG  ]  Ignoring file as matched an ignore pattern: SRR7236021_pass_2_fastqc.html
[2019-05-08 22:01:41,595] multiqc                                            [DEBUG  ]  Ignoring file as matched an ignore pattern: SRR7235992_pass_1_fastqc.html
[2019-05-08 22:01:41,595] multiqc                                            [DEBUG  ]  Ignoring file as matched an ignore pattern: SRR7235989_pass_1_fastqc.html
[2019-05-08 22:01:41,596] multiqc                                            [DEBUG  ]  Ignoring file as matched an ignore pattern: SRR7235996_pass_2_fastqc.html
[2019-05-08 22:01:41,596] multiqc                                            [DEBUG  ]  Ignoring file as matched an ignore pattern: SRR7235998_pass_2_fastqc.html
[2019-05-08 22:01:41,596] multiqc                                            [DEBUG  ]  Ignoring file as matched an ignore pattern: SRR7236029_pass_2_fastqc.html
[2019-05-08 22:01:41,597] multiqc                                            [DEBUG  ]  Ignoring file as matched an ignore pattern: SRR7235991_pass_1_fastqc.html
[2019-05-08 22:01:41,597] multiqc                                            [DEBUG  ]  Ignoring file as matched an ignore pattern: SRR7236029_pass_1_fastqc.html
[2019-05-08 22:01:41,597] multiqc                                            [DEBUG  ]  Ignoring file as matched an ignore pattern: SRR7236032_pass_1_fastqc.html
[2019-05-08 22:01:41,597] multiqc                                            [DEBUG  ]  Ignoring file as matched an ignore pattern: SRR7236036_pass_2_fastqc.html
[2019-05-08 22:01:41,598] multiqc                                            [DEBUG  ]  Ignoring file as matched an ignore pattern: SRR7235991_pass_2_fastqc.html
[2019-05-08 22:01:41,598] multiqc                                            [DEBUG  ]  Ignoring file as matched an ignore pattern: SRR7235999_pass_1_fastqc.html
[2019-05-08 22:01:41,598] multiqc                                            [DEBUG  ]  Ignoring file as matched an ignore pattern: SRR7235993_pass_2_fastqc.html
[2019-05-08 22:01:41,811] multiqc                                            [DEBUG  ]  No samples found: custom_content
[2019-05-08 22:01:41,814] multiqc                                            [DEBUG  ]  No samples found: conpair
[2019-05-08 22:01:41,817] multiqc                                            [DEBUG  ]  No samples found: peddy
[2019-05-08 22:01:41,820] multiqc                                            [DEBUG  ]  No samples found: methylQA
[2019-05-08 22:01:41,822] multiqc                                            [DEBUG  ]  No samples found: phantompeakqualtools
[2019-05-08 22:01:41,826] multiqc                                            [DEBUG  ]  No samples found: qualimap
[2019-05-08 22:01:41,829] multiqc                                            [DEBUG  ]  No samples found: preseq
[2019-05-08 22:01:41,832] multiqc                                            [DEBUG  ]  No samples found: quast
[2019-05-08 22:01:41,834] multiqc                                            [DEBUG  ]  No samples found: qorts
[2019-05-08 22:01:41,837] multiqc                                            [DEBUG  ]  No samples found: rna_seqc
[2019-05-08 22:01:41,840] multiqc                                            [DEBUG  ]  No samples found: rsem
[2019-05-08 22:01:41,846] multiqc                                            [DEBUG  ]  No samples found: rseqc
[2019-05-08 22:01:41,850] multiqc                                            [DEBUG  ]  No samples found: busco
[2019-05-08 22:01:41,854] multiqc                                            [DEBUG  ]  No samples found: goleft_indexcov
[2019-05-08 22:01:41,857] multiqc                                            [DEBUG  ]  No samples found: disambiguate
[2019-05-08 22:01:41,860] multiqc                                            [DEBUG  ]  No samples found: supernova
[2019-05-08 22:01:41,864] multiqc                                            [DEBUG  ]  No samples found: deeptools
[2019-05-08 22:01:41,867] multiqc                                            [DEBUG  ]  No samples found: sargasso
[2019-05-08 22:01:41,870] multiqc                                            [DEBUG  ]  No samples found: verifybamid
[2019-05-08 22:01:41,873] multiqc                                            [DEBUG  ]  No samples found: mirtrace
[2019-05-08 22:01:41,876] multiqc                                            [DEBUG  ]  No samples found: happy
[2019-05-08 22:01:41,879] multiqc                                            [DEBUG  ]  No samples found: homer
[2019-05-08 22:01:41,882] multiqc                                            [DEBUG  ]  No samples found: macs2
[2019-05-08 22:01:41,885] multiqc                                            [DEBUG  ]  No samples found: theta2
[2019-05-08 22:01:41,890] multiqc                                            [DEBUG  ]  No samples found: snpeff
[2019-05-08 22:01:41,894] multiqc                                            [DEBUG  ]  No samples found: gatk
[2019-05-08 22:01:41,898] multiqc                                            [DEBUG  ]  No samples found: htseq
[2019-05-08 22:01:41,901] multiqc                                            [DEBUG  ]  No samples found: bcftools
[2019-05-08 22:01:41,904] multiqc                                            [DEBUG  ]  No samples found: featureCounts
[2019-05-08 22:01:41,907] multiqc                                            [DEBUG  ]  No samples found: dedup
[2019-05-08 22:01:41,910] multiqc                                            [DEBUG  ]  No samples found: damageprofiler
[2019-05-08 22:01:41,917] multiqc                                            [DEBUG  ]  No samples found: picard
[2019-05-08 22:01:41,920] multiqc                                            [DEBUG  ]  No samples found: prokka
[2019-05-08 22:01:41,922] multiqc                                            [DEBUG  ]  No samples found: samblaster
[2019-05-08 22:01:41,926] multiqc                                            [DEBUG  ]  No samples found: samtools
[2019-05-08 22:01:41,929] multiqc                                            [DEBUG  ]  No samples found: bamtools
[2019-05-08 22:01:41,932] multiqc                                            [DEBUG  ]  No samples found: jellyfish
[2019-05-08 22:01:41,935] multiqc                                            [DEBUG  ]  No samples found: vcftools
[2019-05-08 22:01:41,939] multiqc                                            [DEBUG  ]  No samples found: longranger
[2019-05-08 22:01:41,942] multiqc                                            [DEBUG  ]  No samples found: stacks
[2019-05-08 22:01:41,948] multiqc                                            [DEBUG  ]  No samples found: bbmap
[2019-05-08 22:01:41,951] multiqc                                            [DEBUG  ]  No samples found: bismark
[2019-05-08 22:01:41,956] multiqc                                            [DEBUG  ]  No samples found: biscuit
[2019-05-08 22:01:41,959] multiqc                                            [DEBUG  ]  No samples found: hicexplorer
[2019-05-08 22:01:41,962] multiqc                                            [DEBUG  ]  No samples found: hicup
[2019-05-08 22:01:41,965] multiqc                                            [DEBUG  ]  No samples found: hicpro
[2019-05-08 22:01:41,968] multiqc                                            [DEBUG  ]  No samples found: salmon
[2019-05-08 22:01:41,971] multiqc                                            [DEBUG  ]  No samples found: kallisto
[2019-05-08 22:01:41,974] multiqc                                            [DEBUG  ]  No samples found: slamdunk
[2019-05-08 22:01:41,977] multiqc                                            [DEBUG  ]  No samples found: star
[2019-05-08 22:01:41,981] multiqc                                            [DEBUG  ]  No samples found: hisat2
[2019-05-08 22:01:41,983] multiqc                                            [DEBUG  ]  No samples found: tophat
[2019-05-08 22:01:41,986] multiqc                                            [DEBUG  ]  No samples found: bowtie2
[2019-05-08 22:01:41,989] multiqc                                            [DEBUG  ]  No samples found: bowtie1
[2019-05-08 22:01:41,992] multiqc                                            [DEBUG  ]  No samples found: kat
[2019-05-08 22:01:41,995] multiqc                                            [DEBUG  ]  No samples found: leehom
[2019-05-08 22:01:41,998] multiqc                                            [DEBUG  ]  No samples found: adapterRemoval
[2019-05-08 22:01:42,001] multiqc                                            [DEBUG  ]  No samples found: clipandmerge
[2019-05-08 22:01:42,003] multiqc                                            [DEBUG  ]  No samples found: cutadapt
[2019-05-08 22:01:42,006] multiqc                                            [DEBUG  ]  No samples found: flexbar
[2019-05-08 22:01:42,009] multiqc                                            [DEBUG  ]  No samples found: trimmomatic
[2019-05-08 22:01:42,012] multiqc                                            [DEBUG  ]  No samples found: skewer
[2019-05-08 22:01:42,014] multiqc                                            [DEBUG  ]  No samples found: sortmerna
[2019-05-08 22:01:42,017] multiqc                                            [DEBUG  ]  No samples found: biobloomtools
[2019-05-08 22:01:42,020] multiqc                                            [DEBUG  ]  No samples found: fastq_screen
[2019-05-08 22:01:42,023] multiqc                                            [DEBUG  ]  No samples found: afterqc
[2019-05-08 22:01:42,025] multiqc                                            [DEBUG  ]  No samples found: fastp
[2019-05-08 22:01:42,510] multiqc.modules.fastqc.fastqc                      [INFO   ]  Found 40 reports
[2019-05-08 22:01:45,105] multiqc                                            [DEBUG  ]  No samples found: minionqc
[2019-05-08 22:01:45,108] multiqc                                            [DEBUG  ]  No samples found: clusterflow
[2019-05-08 22:01:45,111] multiqc                                            [DEBUG  ]  No samples found: bcl2fastq
[2019-05-08 22:01:45,114] multiqc                                            [DEBUG  ]  No samples found: interop
[2019-05-08 22:01:45,117] multiqc                                            [DEBUG  ]  No samples found: flash
[2019-05-08 22:01:45,193] multiqc                                            [INFO   ]  Compressing plot data
[2019-05-08 22:01:46,047] multiqc                                            [INFO   ]  Report      : multiqc_report.html
[2019-05-08 22:01:46,047] multiqc                                            [INFO   ]  Data        : multiqc_data
[2019-05-08 22:01:46,048] multiqc                                            [DEBUG  ]  Moving data file from '/tmp/tmpihmnyjba/multiqc_data/multiqc_data.json' to '/RAID_STORAGE2/echille/finalproject/sratoolkit.2.9.6-centos_linux64/bin/fastq/multiqc_data'
[2019-05-08 22:01:46,050] multiqc                                            [DEBUG  ]  Moving data file from '/tmp/tmpihmnyjba/multiqc_data/multiqc_sources.txt' to '/RAID_STORAGE2/echille/finalproject/sratoolkit.2.9.6-centos_linux64/bin/fastq/multiqc_data'
[2019-05-08 22:01:46,051] multiqc                                            [DEBUG  ]  Moving data file from '/tmp/tmpihmnyjba/multiqc_data/multiqc_general_stats.txt' to '/RAID_STORAGE2/echille/finalproject/sratoolkit.2.9.6-centos_linux64/bin/fastq/multiqc_data'
[2019-05-08 22:01:46,051] multiqc                                            [DEBUG  ]  Moving data file from '/tmp/tmpihmnyjba/multiqc_data/multiqc_fastqc.txt' to '/RAID_STORAGE2/echille/finalproject/sratoolkit.2.9.6-centos_linux64/bin/fastq/multiqc_data'
[2019-05-08 22:01:46,158] multiqc                                            [INFO   ]  MultiQC complete
